<component name="libraryTable">
  <library name="junit-4.12">
    <CLASSES>
      <root url="jar://$MAVEN_REPOSITORY$/junit/junit/4.12/junit-4.12.jar!/" />
      <root url="jar://$MAVEN_REPOSITORY$/org/apache/logging/log4j/log4j-core/2.3/log4j-core-2.3.jar!/" />
      <root url="jar://$MAVEN_REPOSITORY$/org/apache/logging/log4j/log4j-api/2.3/log4j-api-2.3.jar!/" />
    </CLASSES>
    <JAVADOC />
    <SOURCES />
  </library>
</component>